<?xml version="1.0" encoding="UTF-8"?>
  <testsuite name="RepoImpl Suite" tests="1" failures="0" errors="0" time="0">
      <testcase name="GoPkgSniffer AsPkg" classname="RepoImpl Suite" time="0.000188981"></testcase>
  </testsuite>